<?xml version="1.0" encoding="UTF-8"?>
<!-- Generated by org.testng.reporters.JUnitReportReporter -->
<testsuite hostname="uma" failures="0" tests="4" name="api.test.UserTests" time="28.916" errors="0" timestamp="2024-11-16T18:12:58 IST" skipped="0">
  <testcase classname="api.test.UserTests" name="testPostUser" time="21.698"/>
  <testcase classname="api.test.UserTests" name="testGetUserByName" time="2.439"/>
  <testcase classname="api.test.UserTests" name="testUpdateUserByName" time="3.236"/>
  <testcase classname="api.test.UserTests" name="testDeleteUserByName" time="1.543"/>
</testsuite> <!-- api.test.UserTests -->
