<?xml version="1.0" encoding="UTF-8"?>
<!-- Generated by org.testng.reporters.JUnitReportReporter -->
<testsuite hostname="uma" failures="0" tests="4" name="api.test.UserTests" time="24.964" errors="0" timestamp="2024-11-16T19:19:21 IST" skipped="0">
  <testcase classname="api.test.UserTests" name="testPostUser" time="18.784"/>
  <testcase classname="api.test.UserTests" name="testGetUserByName" time="1.593"/>
  <testcase classname="api.test.UserTests" name="testUpdateUserByName" time="3.173"/>
  <testcase classname="api.test.UserTests" name="testDeleteUserByName" time="1.414"/>
</testsuite> <!-- api.test.UserTests -->
